shard_size = 0 shard_count = 0
Seeding random numbers with system clock 
name: case value: true
Data::m_score_type BLEU
Data::Scorer type from Scorer: BLEU
Loading Data from: run1.scores.dat and run1.features.dat
loading feature data from run1.features.dat
loading score data from run1.scores.dat
Loading Data from: run2.scores.dat and run2.features.dat
loading feature data from run2.features.dat
loading score data from run2.scores.dat
Loading Data from: run3.scores.dat and run3.features.dat
loading feature data from run3.features.dat
loading score data from run3.scores.dat
Loading Data from: run4.scores.dat and run4.features.dat
loading feature data from run4.features.dat
loading score data from run4.scores.dat
Data loaded : [Wall 1.34158 CPU 1.34375] seconds.
Creating a pool of 1 threads
Best point: 0.029642 0.0647018 0.0682511 0.0628327 0.0385395 0.0373367 0.0575364 0.0455165 -0.0886315 0.0373098 -0.0324839 0.0670765 0.365724 0.00441719  => 0.789485
Stopping... : [Wall 66.1662 CPU 66.1562] seconds.
