shard_size = 0 shard_count = 0
Seeding random numbers with system clock 
name: case value: true
Data::m_score_type BLEU
Data::Scorer type from Scorer: BLEU
Loading Data from: run1.scores.dat and run1.features.dat
loading feature data from run1.features.dat
loading score data from run1.scores.dat
Loading Data from: run2.scores.dat and run2.features.dat
loading feature data from run2.features.dat
loading score data from run2.scores.dat
Loading Data from: run3.scores.dat and run3.features.dat
loading feature data from run3.features.dat
loading score data from run3.scores.dat
Loading Data from: run4.scores.dat and run4.features.dat
loading feature data from run4.features.dat
loading score data from run4.scores.dat
Data loaded : [Wall 1.37032 CPU 1.3125] seconds.
Creating a pool of 1 threads
Best point: 0.123949 0.0245297 0.0534686 0.322625 0.0101514 0.050473 0.119619 0.060781 -0.0224313 0.0108591 0.102019 0.0727577 0.0153359 -0.0110007  => 0.783418
Stopping... : [Wall 135.01 CPU 134.781] seconds.
