shard_size = 0 shard_count = 0
Seeding random numbers with system clock 
name: case value: true
Data::m_score_type BLEU
Data::Scorer type from Scorer: BLEU
Loading Data from: run1.scores.dat and run1.features.dat
loading feature data from run1.features.dat
loading score data from run1.scores.dat
Loading Data from: run2.scores.dat and run2.features.dat
loading feature data from run2.features.dat
loading score data from run2.scores.dat
Loading Data from: run3.scores.dat and run3.features.dat
loading feature data from run3.features.dat
loading score data from run3.scores.dat
Loading Data from: run4.scores.dat and run4.features.dat
loading feature data from run4.features.dat
loading score data from run4.scores.dat
Loading Data from: run5.scores.dat and run5.features.dat
loading feature data from run5.features.dat
loading score data from run5.scores.dat
Data loaded : [Wall 1.46697 CPU 1.42188] seconds.
Creating a pool of 1 threads
Best point: 0.119459 0.0236412 0.0515319 0.309176 0.0097837 0.0486448 0.115286 0.0585794 -0.0216188 -0.0484499 0.0983237 0.0701223 0.0147804 -0.0106022  => 0.783118
Stopping... : [Wall 67.3699 CPU 67.2969] seconds.
