shard_size = 0 shard_count = 0
Seeding random numbers with system clock 
name: case value: true
Data::m_score_type BLEU
Data::Scorer type from Scorer: BLEU
Loading Data from: run1.scores.dat and run1.features.dat
loading feature data from run1.features.dat
loading score data from run1.scores.dat
Loading Data from: run2.scores.dat and run2.features.dat
loading feature data from run2.features.dat
loading score data from run2.scores.dat
Loading Data from: run3.scores.dat and run3.features.dat
loading feature data from run3.features.dat
loading score data from run3.scores.dat
Loading Data from: run4.scores.dat and run4.features.dat
loading feature data from run4.features.dat
loading score data from run4.scores.dat
Loading Data from: run5.scores.dat and run5.features.dat
loading feature data from run5.features.dat
loading score data from run5.scores.dat
Data loaded : [Wall 1.40433 CPU 1.375] seconds.
Creating a pool of 1 threads
Best point: 0.323677 0.0476648 0.0476648 -0.018197 0.0476648 0.0476648 0.0476648 0.0794413 -0.143843 0.0298464 0.0317765 0.0430145 0.0773967 0.0144835  => 0.799704
Stopping... : [Wall 24.1277 CPU 24.0938] seconds.
