shard_size = 0 shard_count = 0
Seeding random numbers with system clock 
name: case value: true
Data::m_score_type BLEU
Data::Scorer type from Scorer: BLEU
Loading Data from: run1.scores.dat and run1.features.dat
loading feature data from run1.features.dat
loading score data from run1.scores.dat
Loading Data from: run2.scores.dat and run2.features.dat
loading feature data from run2.features.dat
loading score data from run2.scores.dat
Loading Data from: run3.scores.dat and run3.features.dat
loading feature data from run3.features.dat
loading score data from run3.scores.dat
Loading Data from: run4.scores.dat and run4.features.dat
loading feature data from run4.features.dat
loading score data from run4.scores.dat
Loading Data from: run5.scores.dat and run5.features.dat
loading feature data from run5.features.dat
loading score data from run5.scores.dat
Data loaded : [Wall 1.66007 CPU 1.625] seconds.
Creating a pool of 1 threads
Best point: 0.0267655 0.058423 0.0616279 0.0567353 0.0347996 0.0337135 0.155192 0.0410995 -0.0738337 0.0336892 -0.0293316 0.0605673 0.330234 0.00398854  => 0.789656
Stopping... : [Wall 68.8706 CPU 68.8125] seconds.
